<?xml version="1.0" encoding="UTF-8"?>
<!-- Generated by org.testng.reporters.JUnitReportReporter -->
<testsuite hostname="DLLB0478" name="session14.testNG" tests="2" failures="0" timestamp="18 Oct 2016 06:40:19 GMT" time="10.905" errors="0">
  <testcase name="switchToFrame" time="0.199" classname="session14.testNG"/>
  <testcase name="openBrowser" time="10.706" classname="session14.testNG"/>
</testsuite> <!-- session14.testNG -->
